<?xml version="1.0" encoding="UTF-8"?>
<!-- Generated by org.testng.reporters.JUnitReportReporter -->
<testsuite skipped="0" hostname="DESKTOP-TJM4QSB" name="ParallelExecution.TC_Account_003" tests="1" failures="0" timestamp="2021-12-22T15:57:59 IST" time="0.032" errors="0">
  <testcase name="modifyAcc" time="0.032" classname="ParallelExecution.TC_Account_003"/>
  <system-out>
    <![CDATA[from modifying account]]>
  </system-out>
</testsuite> <!-- ParallelExecution.TC_Account_003 -->
