<?xml version="1.0" encoding="UTF-8"?>
<!-- Generated by org.testng.reporters.JUnitReportReporter -->
<testsuite skipped="0" hostname="DESKTOP-TJM4QSB" name="pomtestcases.TC_14" tests="1" failures="0" timestamp="2021-12-30T17:09:42 IST" time="84.012" errors="0">
  <testcase name="purchase3" time="84.012" classname="pomtestcases.TC_14"/>
  <system-out/>
</testsuite> <!-- pomtestcases.TC_14 -->
