<?xml version="1.0" encoding="UTF-8"?>
<!-- Generated by org.testng.reporters.JUnitReportReporter -->
<testsuite skipped="0" hostname="DESKTOP-TJM4QSB" name="pomtestcases.TC_12" tests="1" failures="0" timestamp="2021-12-30T17:05:42 IST" time="64.720" errors="0">
  <testcase name="purchase1" time="64.720" classname="pomtestcases.TC_12"/>
  <system-out/>
</testsuite> <!-- pomtestcases.TC_12 -->
