<?xml version="1.0" encoding="UTF-8"?>
<!-- Generated by org.testng.reporters.JUnitReportReporter -->
<testsuite skipped="0" hostname="DESKTOP-TJM4QSB" name="annotations.Tc_Account_001" tests="2" failures="0" timestamp="2021-12-17T16:14:12 IST" time="0.075" errors="0">
  <testcase name="delete_Account" time="0.064" classname="annotations.Tc_Account_001"/>
  <system-out>
    <![CDATA[Hello]]>
  </system-out>
  <testcase name="create_Account" time="0.011" classname="annotations.Tc_Account_001"/>
  <system-out>
    <![CDATA[Hi]]>
  </system-out>
</testsuite> <!-- annotations.Tc_Account_001 -->
