<?xml version="1.0" encoding="UTF-8"?>
<!-- Generated by org.testng.reporters.JUnitReportReporter -->
<testsuite skipped="0" hostname="DESKTOP-TJM4QSB" name="Listeners.BaseClass" tests="1" failures="0" timestamp="2021-12-27T17:59:36 IST" time="0.034" errors="0">
  <testcase name="beforeTestexecution" time="0.034" classname="Listeners.BaseClass"/>
  <system-out>
    <![CDATA[Before test execution started]]>
  </system-out>
</testsuite> <!-- Listeners.BaseClass -->
