<?xml version="1.0" encoding="UTF-8"?>
<!-- Generated by org.testng.reporters.JUnitReportReporter -->
<testsuite skipped="0" hostname="DESKTOP-TJM4QSB" name="DependencyCreation.TC_Account_0001" tests="2" failures="0" timestamp="2021-12-22T12:59:37 IST" time="0.051" errors="0">
  <testcase name="modifyAcc" time="0.009" classname="DependencyCreation.TC_Account_0001"/>
  <system-out>
    <![CDATA[from modify account]]>
  </system-out>
  <testcase name="createAcc" time="0.042" classname="DependencyCreation.TC_Account_0001"/>
  <system-out>
    <![CDATA[from creating account]]>
  </system-out>
</testsuite> <!-- DependencyCreation.TC_Account_0001 -->
