<?xml version="1.0" encoding="UTF-8"?>
<!-- Generated by org.testng.reporters.JUnitReportReporter -->
<testsuite skipped="0" hostname="DESKTOP-TJM4QSB" name="GroupExecution.TC_Account_002" tests="1" failures="0" timestamp="2021-12-22T15:28:56 IST" time="0.048" errors="0">
  <testcase name="modifyAcc" time="0.048" classname="GroupExecution.TC_Account_002"/>
  <system-out>
    <![CDATA[from modifying account]]>
  </system-out>
</testsuite> <!-- GroupExecution.TC_Account_002 -->
