<?xml version="1.0" encoding="UTF-8"?>
<!-- Generated by org.testng.reporters.JUnitReportReporter -->
<testsuite skipped="0" hostname="DESKTOP-TJM4QSB" name="DependencyCreation.DependOnMethod" tests="3" failures="0" timestamp="2021-12-18T11:22:13 IST" time="0.050" errors="0">
  <testcase name="createAcc" time="0.037" classname="DependencyCreation.DependOnMethod"/>
  <system-out>
    <![CDATA[creating account]]>
  </system-out>
  <testcase name="deleteAcc" time="0.007" classname="DependencyCreation.DependOnMethod"/>
  <system-out>
    <![CDATA[deleting account]]>
  </system-out>
  <testcase name="createLoan" time="0.006" classname="DependencyCreation.DependOnMethod"/>
  <system-out>
    <![CDATA[creating loan account]]>
  </system-out>
</testsuite> <!-- DependencyCreation.DependOnMethod -->
