<?xml version="1.0" encoding="UTF-8"?>
<!-- Generated by org.testng.reporters.JUnitReportReporter -->
<testsuite skipped="0" hostname="DESKTOP-TJM4QSB" name="pomtestcases.TC_15" tests="1" failures="0" timestamp="2021-12-30T17:11:39 IST" time="87.565" errors="0">
  <testcase name="purchase4" time="87.565" classname="pomtestcases.TC_15"/>
  <system-out/>
</testsuite> <!-- pomtestcases.TC_15 -->
