<?xml version="1.0" encoding="UTF-8"?>
<!-- Generated by org.testng.reporters.JUnitReportReporter -->
<testsuite skipped="0" hostname="DESKTOP-TJM4QSB" name="ParallelExecution.Tc_Accounts_001$TC_Account_001" tests="1" failures="0" timestamp="2021-12-21T15:31:07 IST" time="0.053" errors="0">
  <testcase name="createAcc" time="0.053" classname="ParallelExecution.Tc_Accounts_001$TC_Account_001"/>
  <system-out>
    <![CDATA[from creating account]]>
  </system-out>
</testsuite> <!-- ParallelExecution.Tc_Accounts_001$TC_Account_001 -->
