<?xml version="1.0" encoding="UTF-8"?>
<!-- Generated by org.testng.reporters.JUnitReportReporter -->
<testsuite skipped="0" hostname="DESKTOP-TJM4QSB" name="Listeners.TC_Listener_001" tests="1" failures="0" timestamp="2021-12-27T17:49:19 IST" time="25.524" errors="0">
  <testcase name="createAcc" time="25.524" classname="Listeners.TC_Listener_001"/>
  <system-out>
    <![CDATA[From Create Account]]>
  </system-out>
</testsuite> <!-- Listeners.TC_Listener_001 -->
