<?xml version="1.0" encoding="UTF-8"?>
<!-- Generated by org.testng.reporters.JUnitReportReporter -->
<testsuite skipped="0" hostname="DESKTOP-TJM4QSB" name="pomtestcases.TC_13" tests="1" failures="0" timestamp="2021-12-30T17:17:59 IST" time="87.382" errors="0">
  <testcase name="purchase2" time="87.382" classname="pomtestcases.TC_13"/>
  <system-out/>
</testsuite> <!-- pomtestcases.TC_13 -->
