<?xml version="1.0" encoding="UTF-8"?>
<!-- Generated by org.testng.reporters.JUnitReportReporter -->
<testsuite skipped="0" hostname="DESKTOP-TJM4QSB" name="ParallelExecution.TC_Accounts_002$TC_Account_002" tests="1" failures="0" timestamp="2021-12-22T15:57:59 IST" time="0.007" errors="0">
  <testcase name="deleteAcc" time="0.007" classname="ParallelExecution.TC_Accounts_002$TC_Account_002"/>
  <system-out>
    <![CDATA[from deleting Account]]>
  </system-out>
</testsuite> <!-- ParallelExecution.TC_Accounts_002$TC_Account_002 -->
