<?xml version="1.0" encoding="UTF-8"?>
<!-- Generated by org.testng.reporters.JUnitReportReporter -->
<testsuite skipped="0" hostname="DESKTOP-TJM4QSB" name="DependencyCreation.Tc_Loan001" tests="1" failures="0" timestamp="2021-12-22T12:59:37 IST" time="0.042" errors="0">
  <testcase name="deleteAcc" time="0.042" classname="DependencyCreation.Tc_Loan001"/>
  <system-out>
    <![CDATA[from delete Account]]>
  </system-out>
</testsuite> <!-- DependencyCreation.Tc_Loan001 -->
