<?xml version="1.0" encoding="UTF-8"?>
<!-- Generated by org.testng.reporters.JUnitReportReporter -->
<testsuite skipped="0" hostname="DESKTOP-TJM4QSB" name="ParallelExecution.Tc_Loans_004" tests="1" failures="0" timestamp="2021-12-22T15:57:59 IST" time="0.003" errors="0">
  <testcase name="delAcc" time="0.003" classname="ParallelExecution.Tc_Loans_004"/>
  <system-out>
    <![CDATA[from deleting account]]>
  </system-out>
</testsuite> <!-- ParallelExecution.Tc_Loans_004 -->
